<?xml version="1.0" encoding="UTF-8"?>
<testsuite xmlns:xsi="http://www.w3.org/2001/XMLSchema-instance" xsi:noNamespaceSchemaLocation="https://maven.apache.org/surefire/maven-surefire-plugin/xsd/surefire-test-report-3.0.xsd" version="3.0" name="runners.TestRunner" time="23.017" tests="4" errors="0" skipped="0" failures="1">
  <properties>
[...]
</properties>
  <testcase name="Login using valid username and password" classname="Login" time="4.463">
    <system-out><![CDATA[
@login @valid-login
Scenario: Login using valid username and password &amp#27;[90m# src/test/java/features/login.feature:5&amp#27;[0m
BEFORE All
BEFORE TEST
  &amp#27;[32mGiven &amp#27;[0m&amp#27;[32muser is on login page&amp#27;[0m                     &amp#27;[90m# stepDef.LoginStep.user_is_on_login_page()&amp#27;[0m
  &amp#27;[32mAnd &amp#27;[0m&amp#27;[32muser input username with &amp#27;[0m&amp#27;[32m&amp#27;[1m"standard_user"&amp#27;[0m    &amp#27;[90m# stepDef.LoginStep.user_input_username_with(java.lang.String)&amp#27;[0m
  &amp#27;[32mAnd &amp#27;[0m&amp#27;[32muser input password with &amp#27;[0m&amp#27;[32m&amp#27;[1m"secret_sauce"&amp#27;[0m     &amp#27;[90m# stepDef.LoginStep.user_input_password_with(java.lang.String)&amp#27;[0m
  &amp#27;[32mWhen &amp#27;[0m&amp#27;[32muser click login button&amp#27;[0m                    &amp#27;[90m# stepDef.LoginStep.user_click_login_button()&amp#27;[0m
  &amp#27;[32mThen &amp#27;[0m&amp#27;[32muser in on homepage&amp#27;[0m                        &amp#27;[90m# stepDef.LoginStep.user_in_on_homepage()&amp#27;[0m
AFTER TEST
]]></system-out>
    <system-err><![CDATA[SLF4J: Failed to load class "org.slf4j.impl.StaticLoggerBinder".
SLF4J: Defaulting to no-operation (NOP) logger implementation
SLF4J: See http://www.slf4j.org/codes.html#StaticLoggerBinder for further details.
Starting ChromeDriver 113.0.5672.63 (0e1a4471d5ae5bf128b1bd8f4d627c8cbd55f70c-refs/branch-heads/5672@{#912}) on port 22005
Only local connections are allowed.
Please see https://chromedriver.chromium.org/security-considerations for suggestions on keeping ChromeDriver safe.
ChromeDriver was started successfully.
May 27, 2023 8:50:10 PM org.openqa.selenium.devtools.CdpVersionFinder findNearestMatch
WARNING: Unable to find an exact match for CDP version 113, so returning the closest version found: 109
]]></system-err>
  </testcase>
  <testcase name="Login using invalid username and password" classname="Login" time="4.654">
    <system-out><![CDATA[
@login @invalid-login
Scenario: Login using invalid username and password                                                          &amp#27;[90m# src/test/java/features/login.feature:13&amp#27;[0m
BEFORE TEST
  &amp#27;[32mGiven &amp#27;[0m&amp#27;[32muser is on login page&amp#27;[0m                                                                                &amp#27;[90m# stepDef.LoginStep.user_is_on_login_page()&amp#27;[0m
  &amp#27;[32mAnd &amp#27;[0m&amp#27;[32muser input username with &amp#27;[0m&amp#27;[32m&amp#27;[1m"invalid_user"&amp#27;[0m                                                                &amp#27;[90m# stepDef.LoginStep.user_input_username_with(java.lang.String)&amp#27;[0m
  &amp#27;[32mAnd &amp#27;[0m&amp#27;[32muser input password with &amp#27;[0m&amp#27;[32m&amp#27;[1m"secret_sauce"&amp#27;[0m                                                                &amp#27;[90m# stepDef.LoginStep.user_input_password_with(java.lang.String)&amp#27;[0m
  &amp#27;[32mWhen &amp#27;[0m&amp#27;[32muser click login button&amp#27;[0m                                                                               &amp#27;[90m# stepDef.LoginStep.user_click_login_button()&amp#27;[0m
  &amp#27;[32mThen &amp#27;[0m&amp#27;[32muser get an error message &amp#27;[0m&amp#27;[32m&amp#27;[1m"Epic sadface: Username and password do not match any user in this service"&amp#27;[0m &amp#27;[90m# stepDef.LoginStep.userGetAnErrorMessage(java.lang.String)&amp#27;[0m
AFTER TEST
AFTER All
]]></system-out>
    <system-err><![CDATA[Starting ChromeDriver 113.0.5672.63 (0e1a4471d5ae5bf128b1bd8f4d627c8cbd55f70c-refs/branch-heads/5672@{#912}) on port 48854
Only local connections are allowed.
Please see https://chromedriver.chromium.org/security-considerations for suggestions on keeping ChromeDriver safe.
ChromeDriver was started successfully.
May 27, 2023 8:50:14 PM org.openqa.selenium.devtools.CdpVersionFinder findNearestMatch
WARNING: Unable to find an exact match for CDP version 113, so returning the closest version found: 109
]]></system-err>
  </testcase>
  <testcase name="Submit valid zipcode" classname="Testing Zip Code feature" time="4.973">
    <system-out><![CDATA[
Scenario: Submit valid zipcode                         &amp#27;[90m# src/test/java/features/zipCode.feature:13&amp#27;[0m
BEFORE TEST
  &amp#27;[32mGiven &amp#27;[0m&amp#27;[32muser is on login page&amp#27;[0m                          &amp#27;[90m# stepDef.LoginStep.user_is_on_login_page()&amp#27;[0m
  &amp#27;[32mAnd &amp#27;[0m&amp#27;[32muser input username with &amp#27;[0m&amp#27;[32m&amp#27;[1m"standard_user"&amp#27;[0m         &amp#27;[90m# stepDef.LoginStep.user_input_username_with(java.lang.String)&amp#27;[0m
  &amp#27;[32mAnd &amp#27;[0m&amp#27;[32muser input password with &amp#27;[0m&amp#27;[32m&amp#27;[1m"secret_sauce"&amp#27;[0m          &amp#27;[90m# stepDef.LoginStep.user_input_password_with(java.lang.String)&amp#27;[0m
  &amp#27;[32mAnd &amp#27;[0m&amp#27;[32muser click login button&amp#27;[0m                          &amp#27;[90m# stepDef.LoginStep.user_click_login_button()&amp#27;[0m
  &amp#27;[32mWhen &amp#27;[0m&amp#27;[32muser in on homepage&amp#27;[0m                             &amp#27;[90m# stepDef.LoginStep.user_in_on_homepage()&amp#27;[0m
  &amp#27;[32mThen &amp#27;[0m&amp#27;[32muser click add to cart an item&amp#27;[0m                  &amp#27;[90m# stepDef.ZipCodeStep.user_click_add_to_cart_an_item()&amp#27;[0m
  &amp#27;[32mAnd &amp#27;[0m&amp#27;[32muser click the shopping cart icon&amp#27;[0m                &amp#27;[90m# stepDef.ZipCodeStep.user_click_the_shopping_cart_icon()&amp#27;[0m
  &amp#27;[32mAnd &amp#27;[0m&amp#27;[32muser click on checkout&amp#27;[0m                           &amp#27;[90m# stepDef.ZipCodeStep.user_click_on_checkout()&amp#27;[0m
  &amp#27;[32mGiven &amp#27;[0m&amp#27;[32muser is on checkout your information page&amp#27;[0m      &amp#27;[90m# stepDef.ZipCodeStep.user_is_on_checkout_your_information_page()&amp#27;[0m
  &amp#27;[32mAnd &amp#27;[0m&amp#27;[32muser input firstName with &amp#27;[0m&amp#27;[32m&amp#27;[1m"Daffa Fawwaz"&amp#27;[0m         &amp#27;[90m# stepDef.ZipCodeStep.userInputFirstNameWith(java.lang.String)&amp#27;[0m
  &amp#27;[32mAnd &amp#27;[0m&amp#27;[32muser input lastName with &amp#27;[0m&amp#27;[32m&amp#27;[1m"Maulana"&amp#27;[0m               &amp#27;[90m# stepDef.ZipCodeStep.userInputLastNameWith(java.lang.String)&amp#27;[0m
  &amp#27;[32mAnd &amp#27;[0m&amp#27;[32muser input zipcode with &amp#27;[0m&amp#27;[32m&amp#27;[1m"17090"&amp#27;[0m                  &amp#27;[90m# stepDef.ZipCodeStep.userInputZipcodeWith(java.lang.String)&amp#27;[0m
  &amp#27;[32mAnd &amp#27;[0m&amp#27;[32muser click on continue&amp#27;[0m                           &amp#27;[90m# stepDef.ZipCodeStep.userClickOnContinue()&amp#27;[0m
  &amp#27;[32mThen &amp#27;[0m&amp#27;[32muser will be redirect to checkout overview page&amp#27;[0m &amp#27;[90m# stepDef.ZipCodeStep.userWillBeRedirectToCheckoutOverviewPage()&amp#27;[0m
  &amp#27;[32mAnd &amp#27;[0m&amp#27;[32muser click on finish&amp#27;[0m                             &amp#27;[90m# stepDef.ZipCodeStep.userClickOnFinish()&amp#27;[0m
  &amp#27;[32mThen &amp#27;[0m&amp#27;[32muser in on success order page&amp#27;[0m                   &amp#27;[90m# stepDef.ZipCodeStep.userInOnSuccessOrderPage()&amp#27;[0m
AFTER TEST
]]></system-out>
    <system-err><![CDATA[Starting ChromeDriver 113.0.5672.63 (0e1a4471d5ae5bf128b1bd8f4d627c8cbd55f70c-refs/branch-heads/5672@{#912}) on port 6766
Only local connections are allowed.
Please see https://chromedriver.chromium.org/security-considerations for suggestions on keeping ChromeDriver safe.
ChromeDriver was started successfully.
May 27, 2023 8:50:18 PM org.openqa.selenium.devtools.CdpVersionFinder findNearestMatch
WARNING: Unable to find an exact match for CDP version 113, so returning the closest version found: 109
]]></system-err>
  </testcase>
  <testcase name="Submit invalid zipcode" classname="Testing Zip Code feature" time="4.66">
    <failure type="java.lang.AssertionError"><![CDATA[java.lang.AssertionError
	at org.junit.Assert.fail(Assert.java:87)
	at org.junit.Assert.assertTrue(Assert.java:42)
	at org.junit.Assert.assertTrue(Assert.java:53)
	at helper.ActionsGeneral.verifyTextDisplayed(ActionsGeneral.java:36)
	at pages.LoginPage.verifyTextInScreen(LoginPage.java:43)
	at stepDef.LoginStep.userGetAnErrorMessage(LoginStep.java:43)
	at ✽.user get an error message "Invalid Zipcode"(file:///Users/pintu/IdeaProjects/jayjay/src/test/java/features/zipCode.feature:29)
]]></failure>
    <system-out><![CDATA[
Scenario: Submit invalid zipcode                   &amp#27;[90m# src/test/java/features/zipCode.feature:23&amp#27;[0m
BEFORE TEST
  &amp#27;[32mGiven &amp#27;[0m&amp#27;[32muser is on login page&amp#27;[0m                      &amp#27;[90m# stepDef.LoginStep.user_is_on_login_page()&amp#27;[0m
  &amp#27;[32mAnd &amp#27;[0m&amp#27;[32muser input username with &amp#27;[0m&amp#27;[32m&amp#27;[1m"standard_user"&amp#27;[0m     &amp#27;[90m# stepDef.LoginStep.user_input_username_with(java.lang.String)&amp#27;[0m
  &amp#27;[32mAnd &amp#27;[0m&amp#27;[32muser input password with &amp#27;[0m&amp#27;[32m&amp#27;[1m"secret_sauce"&amp#27;[0m      &amp#27;[90m# stepDef.LoginStep.user_input_password_with(java.lang.String)&amp#27;[0m
  &amp#27;[32mAnd &amp#27;[0m&amp#27;[32muser click login button&amp#27;[0m                      &amp#27;[90m# stepDef.LoginStep.user_click_login_button()&amp#27;[0m
  &amp#27;[32mWhen &amp#27;[0m&amp#27;[32muser in on homepage&amp#27;[0m                         &amp#27;[90m# stepDef.LoginStep.user_in_on_homepage()&amp#27;[0m
  &amp#27;[32mThen &amp#27;[0m&amp#27;[32muser click add to cart an item&amp#27;[0m              &amp#27;[90m# stepDef.ZipCodeStep.user_click_add_to_cart_an_item()&amp#27;[0m
  &amp#27;[32mAnd &amp#27;[0m&amp#27;[32muser click the shopping cart icon&amp#27;[0m            &amp#27;[90m# stepDef.ZipCodeStep.user_click_the_shopping_cart_icon()&amp#27;[0m
  &amp#27;[32mAnd &amp#27;[0m&amp#27;[32muser click on checkout&amp#27;[0m                       &amp#27;[90m# stepDef.ZipCodeStep.user_click_on_checkout()&amp#27;[0m
  &amp#27;[32mGiven &amp#27;[0m&amp#27;[32muser is on checkout your information page&amp#27;[0m  &amp#27;[90m# stepDef.ZipCodeStep.user_is_on_checkout_your_information_page()&amp#27;[0m
  &amp#27;[32mAnd &amp#27;[0m&amp#27;[32muser input firstName with &amp#27;[0m&amp#27;[32m&amp#27;[1m"Daffa Fawwaz"&amp#27;[0m     &amp#27;[90m# stepDef.ZipCodeStep.userInputFirstNameWith(java.lang.String)&amp#27;[0m
  &amp#27;[32mAnd &amp#27;[0m&amp#27;[32muser input lastName with &amp#27;[0m&amp#27;[32m&amp#27;[1m"Maulana"&amp#27;[0m           &amp#27;[90m# stepDef.ZipCodeStep.userInputLastNameWith(java.lang.String)&amp#27;[0m
  &amp#27;[32mAnd &amp#27;[0m&amp#27;[32muser input zipcode with &amp#27;[0m&amp#27;[32m&amp#27;[1m"170901"&amp#27;[0m             &amp#27;[90m# stepDef.ZipCodeStep.userInputZipcodeWith(java.lang.String)&amp#27;[0m
  &amp#27;[32mAnd &amp#27;[0m&amp#27;[32muser click on continue&amp#27;[0m                       &amp#27;[90m# stepDef.ZipCodeStep.userClickOnContinue()&amp#27;[0m
  &amp#27;[31mThen &amp#27;[0m&amp#27;[31muser get an error message &amp#27;[0m&amp#27;[31m&amp#27;[1m"Invalid Zipcode"&amp#27;[0m &amp#27;[90m# stepDef.LoginStep.userGetAnErrorMessage(java.lang.String)&amp#27;[0m
      &amp#27;[31mjava.lang.AssertionError
	at org.junit.Assert.fail(Assert.java:87)
	at org.junit.Assert.assertTrue(Assert.java:42)
	at org.junit.Assert.assertTrue(Assert.java:53)
	at helper.ActionsGeneral.verifyTextDisplayed(ActionsGeneral.java:36)
	at pages.LoginPage.verifyTextInScreen(LoginPage.java:43)
	at stepDef.LoginStep.userGetAnErrorMessage(LoginStep.java:43)
	at ✽.user get an error message "Invalid Zipcode"(file:///Users/pintu/IdeaProjects/jayjay/src/test/java/features/zipCode.feature:29)
&amp#27;[0m
AFTER TEST
]]></system-out>
    <system-err><![CDATA[Starting ChromeDriver 113.0.5672.63 (0e1a4471d5ae5bf128b1bd8f4d627c8cbd55f70c-refs/branch-heads/5672@{#912}) on port 35303
Only local connections are allowed.
Please see https://chromedriver.chromium.org/security-considerations for suggestions on keeping ChromeDriver safe.
ChromeDriver was started successfully.
May 27, 2023 8:50:23 PM org.openqa.selenium.devtools.CdpVersionFinder findNearestMatch
WARNING: Unable to find an exact match for CDP version 113, so returning the closest version found: 109
]]></system-err>
  </testcase>
</testsuite>