<?xml version="1.0" encoding="UTF-8"?>
<testsuite name="Cucumber" time="19.168" tests="4" skipped="0" failures="1" errors="0">
<testcase classname="Login" name="Login using valid username and password" time="4.791">
<system-out><![CDATA[
Given user is on login page.................................................passed
And user input username with "standard_user"................................passed
And user input password with "secret_sauce".................................passed
When user click login button................................................passed
Then user in on homepage....................................................passed
]]></system-out>
</testcase>
<testcase classname="Login" name="Login using invalid username and password" time="4.51">
<system-out><![CDATA[
Given user is on login page.................................................passed
And user input username with "invalid_user".................................passed
And user input password with "secret_sauce".................................passed
When user click login button................................................passed
Then user get an error message "Epic sadface: Username and password do not match any user in this service".passed
]]></system-out>
</testcase>
<testcase classname="Testing Zip Code feature" name="Submit valid zipcode" time="4.896">
<system-out><![CDATA[
Given user is on login page.................................................passed
And user input username with "standard_user"................................passed
And user input password with "secret_sauce".................................passed
And user click login button.................................................passed
When user in on homepage....................................................passed
Then user click add to cart an item.........................................passed
And user click the shopping cart icon.......................................passed
And user click on checkout..................................................passed
Given user is on checkout your information page.............................passed
And user input firstName with "Daffa Fawwaz"................................passed
And user input lastName with "Maulana"......................................passed
And user input zipcode with "17090".........................................passed
And user click on continue..................................................passed
Then user will be redirect to checkout overview page........................passed
And user click on finish....................................................passed
Then user in on success order page..........................................passed
]]></system-out>
</testcase>
<testcase classname="Testing Zip Code feature" name="Submit invalid zipcode" time="4.804">
<failure type="java.lang.AssertionError">
<![CDATA[java.lang.AssertionError
	at org.junit.Assert.fail(Assert.java:87)
	at org.junit.Assert.assertTrue(Assert.java:42)
	at org.junit.Assert.assertTrue(Assert.java:53)
	at helper.ActionsGeneral.verifyTextDisplayed(ActionsGeneral.java:36)
	at pages.LoginPage.verifyTextInScreen(LoginPage.java:43)
	at stepDef.LoginStep.userGetAnErrorMessage(LoginStep.java:43)
	at ✽.user get an error message "Invalid Zipcode"(file:///Users/pintu/IdeaProjects/jayjay/src/test/java/features/zipCode.feature:29)
]]>
</failure>
<system-out><![CDATA[
Given user is on login page.................................................passed
And user input username with "standard_user"................................passed
And user input password with "secret_sauce".................................passed
And user click login button.................................................passed
When user in on homepage....................................................passed
Then user click add to cart an item.........................................passed
And user click the shopping cart icon.......................................passed
And user click on checkout..................................................passed
Given user is on checkout your information page.............................passed
And user input firstName with "Daffa Fawwaz"................................passed
And user input lastName with "Maulana"......................................passed
And user input zipcode with "170901"........................................passed
And user click on continue..................................................passed
Then user get an error message "Invalid Zipcode"............................failed
]]></system-out>
</testcase>
</testsuite>
